number,value,datetime_start,datetime_complete,duration,params_entanglement,params_feature_map_type,params_paulis,params_reps,user_attrs_canonical_params,user_attrs_macro_f1,state,trial_number,suggested_feature_map_type,suggested_reps,suggested_entanglement,suggested_paulis,feature_map_type,reps,entanglement,paulis,cache_hit,status,error_message,accuracy,macro_precision,macro_recall,macro_f1,weighted_f1,fit_time_seconds,inference_time_seconds,peak_cpu_percent,peak_ram_mb,peak_gpu_memory_mb
39,0.9439895185063871,2026-06-26 21:17:27.991298,2026-06-26 21:22:04.004203,0 days 00:04:36.012905,circular,PauliFeatureMap,"[""X"", ""Y"", ""Z""]",1,"{""entanglement"": ""circular"", ""feature_map_type"": ""PauliFeatureMap"", ""paulis"": [""X"", ""Y"", ""Z""], ""reps"": 1}",0.9439895185063871,COMPLETE,39,PauliFeatureMap,1,circular,"[""X"", ""Y"", ""Z""]",PauliFeatureMap,1,circular,"[""X"", ""Y"", ""Z""]",False,completed,,0.9473684210526315,0.9439895185063871,0.9439895185063871,0.9439895185063871,0.9473684210526315,169.8009064029975,106.19437917400501,237.8,566.23046875,2514.9296875
