number,value,datetime_start,datetime_complete,duration,params_entanglement,params_feature_map_type,params_paulis,params_reps,user_attrs_canonical_params,user_attrs_macro_f1,state,trial_number,suggested_feature_map_type,suggested_reps,suggested_entanglement,suggested_paulis,feature_map_type,reps,entanglement,paulis,cache_hit,status,error_message,accuracy,macro_precision,macro_recall,macro_f1,weighted_f1,fit_time_seconds,inference_time_seconds,peak_cpu_percent,peak_ram_mb,peak_gpu_memory_mb
0,0.3837837837837838,2026-06-26 19:43:47.509511,2026-06-26 19:48:36.593926,0 days 00:04:49.084415,linear,ZZFeatureMap,,2,"{""entanglement"": ""linear"", ""feature_map_type"": ""ZZFeatureMap"", ""paulis"": null, ""reps"": 2}",0.3837837837837838,COMPLETE,0,ZZFeatureMap,2,linear,,ZZFeatureMap,2,linear,,False,completed,,0.6228070175438597,0.31140350877192985,0.5,0.3837837837837838,0.4780464675201518,169.94966319800005,119.15004792600303,290.5,562.94921875,2517.3046875
1,0.3837837837837838,2026-06-26 19:48:36.594174,2026-06-26 19:51:38.738892,0 days 00:03:02.144718,linear,ZFeatureMap,,1,"{""entanglement"": null, ""feature_map_type"": ""ZFeatureMap"", ""paulis"": null, ""reps"": 1}",0.3837837837837838,COMPLETE,1,ZFeatureMap,1,linear,,ZFeatureMap,1,,,False,completed,,0.6228070175438597,0.31140350877192985,0.5,0.3837837837837838,0.4780464675201518,111.14367650499844,70.97328698199999,253.9,562.94921875,2514.8671875
2,0.9526381387619444,2026-06-26 19:51:38.739099,2026-06-26 19:57:50.416500,0 days 00:06:11.677401,full,PauliFeatureMap,"[""Y"", ""Z""]",2,"{""entanglement"": ""full"", ""feature_map_type"": ""PauliFeatureMap"", ""paulis"": [""Y"", ""Z""], ""reps"": 2}",0.9526381387619444,COMPLETE,2,PauliFeatureMap,2,full,"[""Y"", ""Z""]",PauliFeatureMap,2,full,"[""Y"", ""Z""]",False,completed,,0.956140350877193,0.960472972972973,0.9464461185718964,0.9526381387619444,0.9558014271241044,219.95200576599746,151.6783536869989,319.9,563.16796875,2514.8671875
3,0.3837837837837838,2026-06-26 19:57:50.416754,2026-06-26 20:04:53.838293,0 days 00:07:03.421539,full,ZZFeatureMap,,2,"{""entanglement"": ""full"", ""feature_map_type"": ""ZZFeatureMap"", ""paulis"": null, ""reps"": 2}",0.3837837837837838,COMPLETE,3,ZZFeatureMap,2,full,,ZZFeatureMap,2,full,,False,completed,,0.6228070175438597,0.31140350877192985,0.5,0.3837837837837838,0.4780464675201518,252.2596642319986,171.12206960099866,105.9,563.60546875,2514.8671875
4,0.3837837837837838,2026-06-26 20:04:53.838508,2026-06-26 20:04:53.838955,0 days 00:00:00.000447,linear,ZFeatureMap,,1,"{""entanglement"": null, ""feature_map_type"": ""ZFeatureMap"", ""paulis"": null, ""reps"": 1}",0.3837837837837838,COMPLETE,4,ZFeatureMap,1,linear,,ZFeatureMap,1,,,True,completed,,0.6228070175438597,0.31140350877192985,0.5,0.3837837837837838,0.4780464675201518,111.14367650499844,70.97328698199999,253.9,562.94921875,2514.8671875
5,0.3837837837837838,2026-06-26 20:04:53.839080,2026-06-26 20:08:30.915991,0 days 00:03:37.076911,linear,PauliFeatureMap,"[""Z"", ""ZZ""]",1,"{""entanglement"": ""linear"", ""feature_map_type"": ""PauliFeatureMap"", ""paulis"": [""Z"", ""ZZ""], ""reps"": 1}",0.3837837837837838,COMPLETE,5,PauliFeatureMap,1,linear,"[""Z"", ""ZZ""]",PauliFeatureMap,1,linear,"[""Z"", ""ZZ""]",False,completed,,0.6228070175438597,0.31140350877192985,0.5,0.3837837837837838,0.4780464675201518,133.10022596800263,84.00501943400013,108.1,563.60546875,2520.93359375
6,0.3837837837837838,2026-06-26 20:08:30.916190,2026-06-26 20:12:40.524057,0 days 00:04:09.607867,full,ZZFeatureMap,,1,"{""entanglement"": ""full"", ""feature_map_type"": ""ZZFeatureMap"", ""paulis"": null, ""reps"": 1}",0.3837837837837838,COMPLETE,6,ZZFeatureMap,1,full,,ZZFeatureMap,1,full,,False,completed,,0.6228070175438597,0.31140350877192985,0.5,0.3837837837837838,0.4780464675201518,148.06303682099679,101.5464579010004,115.4,564.04296875,2514.9921875
7,0.3837837837837838,2026-06-26 20:12:40.524264,2026-06-26 20:12:40.524699,0 days 00:00:00.000435,full,ZZFeatureMap,,1,"{""entanglement"": ""full"", ""feature_map_type"": ""ZZFeatureMap"", ""paulis"": null, ""reps"": 1}",0.3837837837837838,COMPLETE,7,ZZFeatureMap,1,full,,ZZFeatureMap,1,full,,True,completed,,0.6228070175438597,0.31140350877192985,0.5,0.3837837837837838,0.4780464675201518,148.06303682099679,101.5464579010004,115.4,564.04296875,2514.9921875
8,0.3837837837837838,2026-06-26 20:12:40.524786,2026-06-26 20:16:28.089870,0 days 00:03:47.565084,circular,ZZFeatureMap,,1,"{""entanglement"": ""circular"", ""feature_map_type"": ""ZZFeatureMap"", ""paulis"": null, ""reps"": 1}",0.3837837837837838,COMPLETE,8,ZZFeatureMap,1,circular,,ZZFeatureMap,1,circular,,False,completed,,0.6228070175438597,0.31140350877192985,0.5,0.3837837837837838,0.4780464675201518,141.31009747500138,86.2362447150008,114.8,564.26171875,2514.9296875
9,0.3837837837837838,2026-06-26 20:16:28.090054,2026-06-26 20:22:25.663271,0 days 00:05:57.573217,circular,ZZFeatureMap,,2,"{""entanglement"": ""circular"", ""feature_map_type"": ""ZZFeatureMap"", ""paulis"": null, ""reps"": 2}",0.3837837837837838,COMPLETE,9,ZZFeatureMap,2,circular,,ZZFeatureMap,2,circular,,False,completed,,0.6228070175438597,0.31140350877192985,0.5,0.3837837837837838,0.4780464675201518,223.6147950070008,133.9077216359983,105.8,564.26171875,2514.9296875
10,0.8353580834253674,2026-06-26 20:22:25.663492,2026-06-26 20:30:20.726299,0 days 00:07:55.062807,full,PauliFeatureMap,"[""Y"", ""Z""]",3,"{""entanglement"": ""full"", ""feature_map_type"": ""PauliFeatureMap"", ""paulis"": [""Y"", ""Z""], ""reps"": 3}",0.8353580834253674,COMPLETE,10,PauliFeatureMap,3,full,"[""Y"", ""Z""]",PauliFeatureMap,3,full,"[""Y"", ""Z""]",False,completed,,0.8508771929824561,0.8536324786324787,0.825253848673436,0.8353580834253674,0.8477733710710385,288.2104908880028,186.8605026909936,192.9,565.13671875,2514.9296875
11,0.8353580834253674,2026-06-26 20:30:20.726464,2026-06-26 20:30:20.728158,0 days 00:00:00.001694,full,PauliFeatureMap,"[""Y"", ""Z""]",3,"{""entanglement"": ""full"", ""feature_map_type"": ""PauliFeatureMap"", ""paulis"": [""Y"", ""Z""], ""reps"": 3}",0.8353580834253674,COMPLETE,11,PauliFeatureMap,3,full,"[""Y"", ""Z""]",PauliFeatureMap,3,full,"[""Y"", ""Z""]",True,completed,,0.8508771929824561,0.8536324786324787,0.825253848673436,0.8353580834253674,0.8477733710710385,288.2104908880028,186.8605026909936,192.9,565.13671875,2514.9296875
12,0.8353580834253674,2026-06-26 20:30:20.728252,2026-06-26 20:30:20.729697,0 days 00:00:00.001445,full,PauliFeatureMap,"[""Y"", ""Z""]",3,"{""entanglement"": ""full"", ""feature_map_type"": ""PauliFeatureMap"", ""paulis"": [""Y"", ""Z""], ""reps"": 3}",0.8353580834253674,COMPLETE,12,PauliFeatureMap,3,full,"[""Y"", ""Z""]",PauliFeatureMap,3,full,"[""Y"", ""Z""]",True,completed,,0.8508771929824561,0.8536324786324787,0.825253848673436,0.8353580834253674,0.8477733710710385,288.2104908880028,186.8605026909936,192.9,565.13671875,2514.9296875
13,0.3837837837837838,2026-06-26 20:30:20.729785,2026-06-26 20:35:35.532322,0 days 00:05:14.802537,full,PauliFeatureMap,"[""ZZ""]",3,"{""entanglement"": ""full"", ""feature_map_type"": ""PauliFeatureMap"", ""paulis"": [""ZZ""], ""reps"": 3}",0.3837837837837838,COMPLETE,13,PauliFeatureMap,3,full,"[""ZZ""]",PauliFeatureMap,3,full,"[""ZZ""]",False,completed,,0.6228070175438597,0.31140350877192985,0.5,0.3837837837837838,0.4780464675201518,197.99451553800463,116.78085355200164,193.5,565.35546875,2514.9296875
14,0.3837837837837838,2026-06-26 20:35:35.532476,2026-06-26 20:39:25.907715,0 days 00:03:50.375239,full,PauliFeatureMap,"[""Z""]",2,"{""entanglement"": ""full"", ""feature_map_type"": ""PauliFeatureMap"", ""paulis"": [""Z""], ""reps"": 2}",0.3837837837837838,COMPLETE,14,PauliFeatureMap,2,full,"[""Z""]",PauliFeatureMap,2,full,"[""Z""]",False,completed,,0.6228070175438597,0.31140350877192985,0.5,0.3837837837837838,0.4780464675201518,140.91223132999585,89.47759753399441,224.2,565.35546875,2514.9296875
15,0.8353580834253674,2026-06-26 20:39:25.907966,2026-06-26 20:39:25.910687,0 days 00:00:00.002721,full,PauliFeatureMap,"[""Y"", ""Z""]",3,"{""entanglement"": ""full"", ""feature_map_type"": ""PauliFeatureMap"", ""paulis"": [""Y"", ""Z""], ""reps"": 3}",0.8353580834253674,COMPLETE,15,PauliFeatureMap,3,full,"[""Y"", ""Z""]",PauliFeatureMap,3,full,"[""Y"", ""Z""]",True,completed,,0.8508771929824561,0.8536324786324787,0.825253848673436,0.8353580834253674,0.8477733710710385,288.2104908880028,186.8605026909936,192.9,565.13671875,2514.9296875
16,0.9531057178116001,2026-06-26 20:39:25.910890,2026-06-26 20:47:20.881737,0 days 00:07:54.970847,circular,PauliFeatureMap,"[""X"", ""Y"", ""Z""]",2,"{""entanglement"": ""circular"", ""feature_map_type"": ""PauliFeatureMap"", ""paulis"": [""X"", ""Y"", ""Z""], ""reps"": 2}",0.9531057178116001,COMPLETE,16,PauliFeatureMap,2,circular,"[""X"", ""Y"", ""Z""]",PauliFeatureMap,2,circular,"[""X"", ""Y"", ""Z""]",False,completed,,0.956140350877193,0.9553571428571428,0.9510317720275139,0.9531057178116001,0.9560357083576898,285.5419653810022,189.4217411540012,285.7,565.35546875,2514.9296875
17,0.9531057178116001,2026-06-26 20:47:20.881895,2026-06-26 20:47:20.883500,0 days 00:00:00.001605,circular,PauliFeatureMap,"[""X"", ""Y"", ""Z""]",2,"{""entanglement"": ""circular"", ""feature_map_type"": ""PauliFeatureMap"", ""paulis"": [""X"", ""Y"", ""Z""], ""reps"": 2}",0.9531057178116001,COMPLETE,17,PauliFeatureMap,2,circular,"[""X"", ""Y"", ""Z""]",PauliFeatureMap,2,circular,"[""X"", ""Y"", ""Z""]",True,completed,,0.956140350877193,0.9553571428571428,0.9510317720275139,0.9531057178116001,0.9560357083576898,285.5419653810022,189.4217411540012,285.7,565.35546875,2514.9296875
18,0.3837837837837838,2026-06-26 20:47:20.883611,2026-06-26 20:51:13.862919,0 days 00:03:52.979308,circular,ZFeatureMap,,2,"{""entanglement"": null, ""feature_map_type"": ""ZFeatureMap"", ""paulis"": null, ""reps"": 2}",0.3837837837837838,COMPLETE,18,ZFeatureMap,2,circular,,ZFeatureMap,2,,,False,completed,,0.6228070175438597,0.31140350877192985,0.5,0.3837837837837838,0.4780464675201518,142.43516740300402,90.5317854179957,374.7,565.35546875,2514.9296875
19,0.9531057178116001,2026-06-26 20:51:13.863093,2026-06-26 20:51:13.865086,0 days 00:00:00.001993,circular,PauliFeatureMap,"[""X"", ""Y"", ""Z""]",2,"{""entanglement"": ""circular"", ""feature_map_type"": ""PauliFeatureMap"", ""paulis"": [""X"", ""Y"", ""Z""], ""reps"": 2}",0.9531057178116001,COMPLETE,19,PauliFeatureMap,2,circular,"[""X"", ""Y"", ""Z""]",PauliFeatureMap,2,circular,"[""X"", ""Y"", ""Z""]",True,completed,,0.956140350877193,0.9553571428571428,0.9510317720275139,0.9531057178116001,0.9560357083576898,285.5419653810022,189.4217411540012,285.7,565.35546875,2514.9296875
20,0.9531057178116001,2026-06-26 20:51:13.865178,2026-06-26 20:51:13.866578,0 days 00:00:00.001400,circular,PauliFeatureMap,"[""X"", ""Y"", ""Z""]",2,"{""entanglement"": ""circular"", ""feature_map_type"": ""PauliFeatureMap"", ""paulis"": [""X"", ""Y"", ""Z""], ""reps"": 2}",0.9531057178116001,COMPLETE,20,PauliFeatureMap,2,circular,"[""X"", ""Y"", ""Z""]",PauliFeatureMap,2,circular,"[""X"", ""Y"", ""Z""]",True,completed,,0.956140350877193,0.9553571428571428,0.9510317720275139,0.9531057178116001,0.9560357083576898,285.5419653810022,189.4217411540012,285.7,565.35546875,2514.9296875
21,0.9531057178116001,2026-06-26 20:51:13.866665,2026-06-26 20:51:13.868024,0 days 00:00:00.001359,circular,PauliFeatureMap,"[""X"", ""Y"", ""Z""]",2,"{""entanglement"": ""circular"", ""feature_map_type"": ""PauliFeatureMap"", ""paulis"": [""X"", ""Y"", ""Z""], ""reps"": 2}",0.9531057178116001,COMPLETE,21,PauliFeatureMap,2,circular,"[""X"", ""Y"", ""Z""]",PauliFeatureMap,2,circular,"[""X"", ""Y"", ""Z""]",True,completed,,0.956140350877193,0.9553571428571428,0.9510317720275139,0.9531057178116001,0.9560357083576898,285.5419653810022,189.4217411540012,285.7,565.35546875,2514.9296875
22,0.9531057178116001,2026-06-26 20:51:13.868110,2026-06-26 20:51:13.869498,0 days 00:00:00.001388,circular,PauliFeatureMap,"[""X"", ""Y"", ""Z""]",2,"{""entanglement"": ""circular"", ""feature_map_type"": ""PauliFeatureMap"", ""paulis"": [""X"", ""Y"", ""Z""], ""reps"": 2}",0.9531057178116001,COMPLETE,22,PauliFeatureMap,2,circular,"[""X"", ""Y"", ""Z""]",PauliFeatureMap,2,circular,"[""X"", ""Y"", ""Z""]",True,completed,,0.956140350877193,0.9553571428571428,0.9510317720275139,0.9531057178116001,0.9560357083576898,285.5419653810022,189.4217411540012,285.7,565.35546875,2514.9296875
23,0.9526381387619444,2026-06-26 20:51:13.869584,2026-06-26 20:57:17.165602,0 days 00:06:03.296018,circular,PauliFeatureMap,"[""X"", ""Z""]",2,"{""entanglement"": ""circular"", ""feature_map_type"": ""PauliFeatureMap"", ""paulis"": [""X"", ""Z""], ""reps"": 2}",0.9526381387619444,COMPLETE,23,PauliFeatureMap,2,circular,"[""X"", ""Z""]",PauliFeatureMap,2,circular,"[""X"", ""Z""]",False,completed,,0.956140350877193,0.960472972972973,0.9464461185718964,0.9526381387619444,0.9558014271241044,207.07643578900024,156.20405409199884,193.0,565.57421875,2514.9296875
24,0.9531057178116001,2026-06-26 20:57:17.165758,2026-06-26 20:57:17.167536,0 days 00:00:00.001778,circular,PauliFeatureMap,"[""X"", ""Y"", ""Z""]",2,"{""entanglement"": ""circular"", ""feature_map_type"": ""PauliFeatureMap"", ""paulis"": [""X"", ""Y"", ""Z""], ""reps"": 2}",0.9531057178116001,COMPLETE,24,PauliFeatureMap,2,circular,"[""X"", ""Y"", ""Z""]",PauliFeatureMap,2,circular,"[""X"", ""Y"", ""Z""]",True,completed,,0.956140350877193,0.9553571428571428,0.9510317720275139,0.9531057178116001,0.9560357083576898,285.5419653810022,189.4217411540012,285.7,565.35546875,2514.9296875
25,0.3837837837837838,2026-06-26 20:57:17.167627,2026-06-26 20:57:17.168898,0 days 00:00:00.001271,circular,ZFeatureMap,,2,"{""entanglement"": null, ""feature_map_type"": ""ZFeatureMap"", ""paulis"": null, ""reps"": 2}",0.3837837837837838,COMPLETE,25,ZFeatureMap,2,circular,,ZFeatureMap,2,,,True,completed,,0.6228070175438597,0.31140350877192985,0.5,0.3837837837837838,0.4780464675201518,142.43516740300402,90.5317854179957,374.7,565.35546875,2514.9296875
26,0.9531057178116001,2026-06-26 20:57:17.168983,2026-06-26 20:57:17.170374,0 days 00:00:00.001391,circular,PauliFeatureMap,"[""X"", ""Y"", ""Z""]",2,"{""entanglement"": ""circular"", ""feature_map_type"": ""PauliFeatureMap"", ""paulis"": [""X"", ""Y"", ""Z""], ""reps"": 2}",0.9531057178116001,COMPLETE,26,PauliFeatureMap,2,circular,"[""X"", ""Y"", ""Z""]",PauliFeatureMap,2,circular,"[""X"", ""Y"", ""Z""]",True,completed,,0.956140350877193,0.9553571428571428,0.9510317720275139,0.9531057178116001,0.9560357083576898,285.5419653810022,189.4217411540012,285.7,565.35546875,2514.9296875
27,0.9526381387619444,2026-06-26 20:57:17.170462,2026-06-26 21:07:28.989798,0 days 00:10:11.819336,circular,PauliFeatureMap,"[""X"", ""Y"", ""Z""]",3,"{""entanglement"": ""circular"", ""feature_map_type"": ""PauliFeatureMap"", ""paulis"": [""X"", ""Y"", ""Z""], ""reps"": 3}",0.9526381387619444,COMPLETE,27,PauliFeatureMap,3,circular,"[""X"", ""Y"", ""Z""]",PauliFeatureMap,3,circular,"[""X"", ""Y"", ""Z""]",False,completed,,0.956140350877193,0.960472972972973,0.9464461185718964,0.9526381387619444,0.9558014271241044,364.86404968600255,246.94772029999876,284.8,566.01171875,2514.9296875
28,0.9531057178116001,2026-06-26 21:07:28.989961,2026-06-26 21:07:28.991787,0 days 00:00:00.001826,circular,PauliFeatureMap,"[""X"", ""Y"", ""Z""]",2,"{""entanglement"": ""circular"", ""feature_map_type"": ""PauliFeatureMap"", ""paulis"": [""X"", ""Y"", ""Z""], ""reps"": 2}",0.9531057178116001,COMPLETE,28,PauliFeatureMap,2,circular,"[""X"", ""Y"", ""Z""]",PauliFeatureMap,2,circular,"[""X"", ""Y"", ""Z""]",True,completed,,0.956140350877193,0.9553571428571428,0.9510317720275139,0.9531057178116001,0.9560357083576898,285.5419653810022,189.4217411540012,285.7,565.35546875,2514.9296875
29,0.3837837837837838,2026-06-26 21:07:28.991931,2026-06-26 21:07:28.993186,0 days 00:00:00.001255,circular,ZFeatureMap,,2,"{""entanglement"": null, ""feature_map_type"": ""ZFeatureMap"", ""paulis"": null, ""reps"": 2}",0.3837837837837838,COMPLETE,29,ZFeatureMap,2,circular,,ZFeatureMap,2,,,True,completed,,0.6228070175438597,0.31140350877192985,0.5,0.3837837837837838,0.4780464675201518,142.43516740300402,90.5317854179957,374.7,565.35546875,2514.9296875
30,0.3837837837837838,2026-06-26 21:07:28.993274,2026-06-26 21:10:34.186104,0 days 00:03:05.192830,linear,PauliFeatureMap,"[""ZZ""]",2,"{""entanglement"": ""linear"", ""feature_map_type"": ""PauliFeatureMap"", ""paulis"": [""ZZ""], ""reps"": 2}",0.3837837837837838,COMPLETE,30,PauliFeatureMap,2,linear,"[""ZZ""]",PauliFeatureMap,2,linear,"[""ZZ""]",False,completed,,0.6228070175438597,0.31140350877192985,0.5,0.3837837837837838,0.4780464675201518,111.61305101000471,73.57894555800158,109.8,566.01171875,2514.9296875
31,0.9531057178116001,2026-06-26 21:10:34.186264,2026-06-26 21:10:34.188151,0 days 00:00:00.001887,circular,PauliFeatureMap,"[""X"", ""Y"", ""Z""]",2,"{""entanglement"": ""circular"", ""feature_map_type"": ""PauliFeatureMap"", ""paulis"": [""X"", ""Y"", ""Z""], ""reps"": 2}",0.9531057178116001,COMPLETE,31,PauliFeatureMap,2,circular,"[""X"", ""Y"", ""Z""]",PauliFeatureMap,2,circular,"[""X"", ""Y"", ""Z""]",True,completed,,0.956140350877193,0.9553571428571428,0.9510317720275139,0.9531057178116001,0.9560357083576898,285.5419653810022,189.4217411540012,285.7,565.35546875,2514.9296875
32,0.9531057178116001,2026-06-26 21:10:34.188684,2026-06-26 21:10:34.190564,0 days 00:00:00.001880,circular,PauliFeatureMap,"[""X"", ""Y"", ""Z""]",2,"{""entanglement"": ""circular"", ""feature_map_type"": ""PauliFeatureMap"", ""paulis"": [""X"", ""Y"", ""Z""], ""reps"": 2}",0.9531057178116001,COMPLETE,32,PauliFeatureMap,2,circular,"[""X"", ""Y"", ""Z""]",PauliFeatureMap,2,circular,"[""X"", ""Y"", ""Z""]",True,completed,,0.956140350877193,0.9553571428571428,0.9510317720275139,0.9531057178116001,0.9560357083576898,285.5419653810022,189.4217411540012,285.7,565.35546875,2514.9296875
33,0.9531057178116001,2026-06-26 21:10:34.190651,2026-06-26 21:10:34.192194,0 days 00:00:00.001543,circular,PauliFeatureMap,"[""X"", ""Y"", ""Z""]",2,"{""entanglement"": ""circular"", ""feature_map_type"": ""PauliFeatureMap"", ""paulis"": [""X"", ""Y"", ""Z""], ""reps"": 2}",0.9531057178116001,COMPLETE,33,PauliFeatureMap,2,circular,"[""X"", ""Y"", ""Z""]",PauliFeatureMap,2,circular,"[""X"", ""Y"", ""Z""]",True,completed,,0.956140350877193,0.9553571428571428,0.9510317720275139,0.9531057178116001,0.9560357083576898,285.5419653810022,189.4217411540012,285.7,565.35546875,2514.9296875
34,0.9526381387619444,2026-06-26 21:10:34.192303,2026-06-26 21:10:34.193909,0 days 00:00:00.001606,circular,PauliFeatureMap,"[""X"", ""Z""]",2,"{""entanglement"": ""circular"", ""feature_map_type"": ""PauliFeatureMap"", ""paulis"": [""X"", ""Z""], ""reps"": 2}",0.9526381387619444,COMPLETE,34,PauliFeatureMap,2,circular,"[""X"", ""Z""]",PauliFeatureMap,2,circular,"[""X"", ""Z""]",True,completed,,0.956140350877193,0.960472972972973,0.9464461185718964,0.9526381387619444,0.9558014271241044,207.07643578900024,156.20405409199884,193.0,565.57421875,2514.9296875
35,0.3837837837837838,2026-06-26 21:10:34.193996,2026-06-26 21:13:42.364568,0 days 00:03:08.170572,linear,PauliFeatureMap,"[""Z""]",1,"{""entanglement"": ""linear"", ""feature_map_type"": ""PauliFeatureMap"", ""paulis"": [""Z""], ""reps"": 1}",0.3837837837837838,COMPLETE,35,PauliFeatureMap,1,linear,"[""Z""]",PauliFeatureMap,1,linear,"[""Z""]",False,completed,,0.6228070175438597,0.31140350877192985,0.5,0.3837837837837838,0.4780464675201518,110.4612936889971,77.65725144700264,104.7,566.01171875,2514.9296875
36,0.3837837837837838,2026-06-26 21:13:42.364777,2026-06-26 21:13:42.366363,0 days 00:00:00.001586,circular,ZFeatureMap,,2,"{""entanglement"": null, ""feature_map_type"": ""ZFeatureMap"", ""paulis"": null, ""reps"": 2}",0.3837837837837838,COMPLETE,36,ZFeatureMap,2,circular,,ZFeatureMap,2,,,True,completed,,0.6228070175438597,0.31140350877192985,0.5,0.3837837837837838,0.4780464675201518,142.43516740300402,90.5317854179957,374.7,565.35546875,2514.9296875
37,0.3837837837837838,2026-06-26 21:13:42.366466,2026-06-26 21:17:27.989334,0 days 00:03:45.622868,circular,PauliFeatureMap,"[""Z"", ""ZZ""]",1,"{""entanglement"": ""circular"", ""feature_map_type"": ""PauliFeatureMap"", ""paulis"": [""Z"", ""ZZ""], ""reps"": 1}",0.3837837837837838,COMPLETE,37,PauliFeatureMap,1,circular,"[""Z"", ""ZZ""]",PauliFeatureMap,1,circular,"[""Z"", ""ZZ""]",False,completed,,0.6228070175438597,0.31140350877192985,0.5,0.3837837837837838,0.4780464675201518,133.802460977,91.79746152599546,192.1,566.23046875,2514.9296875
38,0.3837837837837838,2026-06-26 21:17:27.989511,2026-06-26 21:17:27.991211,0 days 00:00:00.001700,linear,ZZFeatureMap,,2,"{""entanglement"": ""linear"", ""feature_map_type"": ""ZZFeatureMap"", ""paulis"": null, ""reps"": 2}",0.3837837837837838,COMPLETE,38,ZZFeatureMap,2,linear,,ZZFeatureMap,2,linear,,True,completed,,0.6228070175438597,0.31140350877192985,0.5,0.3837837837837838,0.4780464675201518,169.94966319800005,119.15004792600303,290.5,562.94921875,2517.3046875
